2020-02-22 20:45:17,713 DEBUG app.py 29 logging.debug.
2020-02-22 20:45:17,714 INFO app.py 30 logging.info.
2020-02-22 20:45:17,714 WARNING app.py 31 logging.warning.
2020-02-22 20:45:17,714 ERROR app.py 32 logging.error.
2020-02-22 20:45:17,714 CRITICAL app.py 33 logging.critical.
2020-02-22 20:45:17,996 DEBUG app.py 29 logging.debug.
2020-02-22 20:45:17,997 INFO app.py 30 logging.info.
2020-02-22 20:45:17,997 WARNING app.py 31 logging.warning.
2020-02-22 20:45:17,997 ERROR app.py 32 logging.error.
2020-02-22 20:45:17,997 CRITICAL app.py 33 logging.critical.
2020-02-25 12:34:59,058 DEBUG app.py 29 logging.debug.
2020-02-25 12:34:59,059 INFO app.py 30 logging.info.
2020-02-25 12:34:59,059 WARNING app.py 31 logging.warning.
2020-02-25 12:34:59,059 ERROR app.py 32 logging.error.
2020-02-25 12:34:59,059 CRITICAL app.py 33 logging.critical.
2020-02-25 12:34:59,336 DEBUG app.py 29 logging.debug.
2020-02-25 12:34:59,336 INFO app.py 30 logging.info.
2020-02-25 12:34:59,336 WARNING app.py 31 logging.warning.
2020-02-25 12:34:59,336 ERROR app.py 32 logging.error.
2020-02-25 12:34:59,336 CRITICAL app.py 33 logging.critical.
2020-02-25 13:39:13,401 DEBUG app.py 29 logging.debug.
2020-02-25 13:39:13,402 INFO app.py 30 logging.info.
2020-02-25 13:39:13,402 WARNING app.py 31 logging.warning.
2020-02-25 13:39:13,402 ERROR app.py 32 logging.error.
2020-02-25 13:39:13,402 CRITICAL app.py 33 logging.critical.
2020-02-25 13:39:13,669 DEBUG app.py 29 logging.debug.
2020-02-25 13:39:13,669 INFO app.py 30 logging.info.
2020-02-25 13:39:13,669 WARNING app.py 31 logging.warning.
2020-02-25 13:39:13,669 ERROR app.py 32 logging.error.
2020-02-25 13:39:13,669 CRITICAL app.py 33 logging.critical.
2020-02-25 13:48:12,346 DEBUG app.py 29 logging.debug.
2020-02-25 13:48:12,346 INFO app.py 30 logging.info.
2020-02-25 13:48:12,347 WARNING app.py 31 logging.warning.
2020-02-25 13:48:12,347 ERROR app.py 32 logging.error.
2020-02-25 13:48:12,347 CRITICAL app.py 33 logging.critical.
2020-02-25 13:48:32,411 DEBUG app.py 29 logging.debug.
2020-02-25 13:48:32,411 INFO app.py 30 logging.info.
2020-02-25 13:48:32,411 WARNING app.py 31 logging.warning.
2020-02-25 13:48:32,411 ERROR app.py 32 logging.error.
2020-02-25 13:48:32,411 CRITICAL app.py 33 logging.critical.
2020-02-25 13:48:43,084 DEBUG app.py 29 logging.debug.
2020-02-25 13:48:43,084 INFO app.py 30 logging.info.
2020-02-25 13:48:43,084 WARNING app.py 31 logging.warning.
2020-02-25 13:48:43,084 ERROR app.py 32 logging.error.
2020-02-25 13:48:43,084 CRITICAL app.py 33 logging.critical.
2020-02-25 13:48:43,351 DEBUG app.py 29 logging.debug.
2020-02-25 13:48:43,351 INFO app.py 30 logging.info.
2020-02-25 13:48:43,351 WARNING app.py 31 logging.warning.
2020-02-25 13:48:43,351 ERROR app.py 32 logging.error.
2020-02-25 13:48:43,351 CRITICAL app.py 33 logging.critical.
